{"/Users/fab/workspace/test/jessewarden/basic-unit-testing-2/index.js":{"path":"/Users/fab/workspace/test/jessewarden/basic-unit-testing-2/index.js","s":{"1":1,"2":1,"3":3,"4":1,"5":3,"6":13,"7":13,"8":13,"9":13,"10":13,"11":13,"12":13,"13":13,"14":501,"15":501,"16":501,"17":501,"18":0,"19":0,"20":0,"21":0,"22":0,"23":2,"24":2,"25":1,"26":0,"27":0,"28":0,"29":0,"30":0,"31":0,"32":14,"33":14,"34":29,"35":29,"36":15,"37":14,"38":14,"39":14,"40":14,"41":14,"42":14,"43":1,"44":1,"45":1,"46":1,"47":1,"48":1,"49":1,"50":2,"51":1},"b":{"1":[3,2],"2":[1,1],"3":[0,0],"4":[0,0],"5":[15,14]},"f":{"1":13,"2":501,"3":0,"4":2,"5":0,"6":14,"7":14,"8":14,"9":1},"fnMap":{"1":{"name":"(anonymous_1)","line":7,"loc":{"start":{"line":7,"column":13},"end":{"line":7,"column":66}}},"2":{"name":"(anonymous_2)","line":18,"loc":{"start":{"line":18,"column":17},"end":{"line":18,"column":33}}},"3":{"name":"(anonymous_3)","line":26,"loc":{"start":{"line":26,"column":8},"end":{"line":26,"column":17}}},"4":{"name":"(anonymous_4)","line":34,"loc":{"start":{"line":34,"column":14},"end":{"line":34,"column":21}}},"5":{"name":"(anonymous_5)","line":41,"loc":{"start":{"line":41,"column":17},"end":{"line":41,"column":24}}},"6":{"name":"(anonymous_6)","line":53,"loc":{"start":{"line":53,"column":20},"end":{"line":53,"column":23}}},"7":{"name":"(anonymous_7)","line":65,"loc":{"start":{"line":65,"column":13},"end":{"line":65,"column":27}}},"8":{"name":"(anonymous_8)","line":72,"loc":{"start":{"line":72,"column":13},"end":{"line":72,"column":59}}},"9":{"name":"setupPerson","line":82,"loc":{"start":{"line":82,"column":0},"end":{"line":82,"column":23}}}},"statementMap":{"1":{"start":{"line":1,"column":0},"end":{"line":1,"column":21}},"2":{"start":{"line":3,"column":0},"end":{"line":3,"column":23}},"3":{"start":{"line":3,"column":19},"end":{"line":3,"column":23}},"4":{"start":{"line":4,"column":0},"end":{"line":4,"column":50}},"5":{"start":{"line":4,"column":21},"end":{"line":4,"column":50}},"6":{"start":{"line":8,"column":4},"end":{"line":8,"column":20}},"7":{"start":{"line":9,"column":4},"end":{"line":9,"column":28}},"8":{"start":{"line":10,"column":4},"end":{"line":10,"column":30}},"9":{"start":{"line":11,"column":4},"end":{"line":11,"column":34}},"10":{"start":{"line":12,"column":4},"end":{"line":12,"column":38}},"11":{"start":{"line":13,"column":4},"end":{"line":13,"column":30}},"12":{"start":{"line":14,"column":4},"end":{"line":14,"column":29}},"13":{"start":{"line":15,"column":4},"end":{"line":15,"column":23}},"14":{"start":{"line":19,"column":4},"end":{"line":19,"column":18}},"15":{"start":{"line":20,"column":4},"end":{"line":22,"column":5}},"16":{"start":{"line":21,"column":6},"end":{"line":21,"column":48}},"17":{"start":{"line":23,"column":4},"end":{"line":23,"column":17}},"18":{"start":{"line":27,"column":4},"end":{"line":27,"column":38}},"19":{"start":{"line":28,"column":4},"end":{"line":28,"column":26}},"20":{"start":{"line":29,"column":4},"end":{"line":29,"column":32}},"21":{"start":{"line":30,"column":4},"end":{"line":30,"column":58}},"22":{"start":{"line":31,"column":4},"end":{"line":31,"column":27}},"23":{"start":{"line":35,"column":4},"end":{"line":35,"column":30}},"24":{"start":{"line":36,"column":4},"end":{"line":38,"column":5}},"25":{"start":{"line":37,"column":6},"end":{"line":37,"column":32}},"26":{"start":{"line":42,"column":4},"end":{"line":47,"column":5}},"27":{"start":{"line":43,"column":6},"end":{"line":43,"column":32}},"28":{"start":{"line":44,"column":6},"end":{"line":46,"column":7}},"29":{"start":{"line":45,"column":8},"end":{"line":45,"column":36}},"30":{"start":{"line":48,"column":4},"end":{"line":50,"column":5}},"31":{"start":{"line":49,"column":6},"end":{"line":49,"column":32}},"32":{"start":{"line":54,"column":4},"end":{"line":54,"column":24}},"33":{"start":{"line":55,"column":4},"end":{"line":60,"column":5}},"34":{"start":{"line":56,"column":6},"end":{"line":56,"column":34}},"35":{"start":{"line":57,"column":6},"end":{"line":59,"column":7}},"36":{"start":{"line":58,"column":8},"end":{"line":58,"column":38}},"37":{"start":{"line":66,"column":4},"end":{"line":66,"column":21}},"38":{"start":{"line":67,"column":4},"end":{"line":67,"column":23}},"39":{"start":{"line":73,"column":4},"end":{"line":73,"column":21}},"40":{"start":{"line":74,"column":4},"end":{"line":74,"column":23}},"41":{"start":{"line":75,"column":4},"end":{"line":75,"column":43}},"42":{"start":{"line":76,"column":4},"end":{"line":76,"column":39}},"43":{"start":{"line":80,"column":0},"end":{"line":80,"column":11}},"44":{"start":{"line":82,"column":0},"end":{"line":86,"column":1}},"45":{"start":{"line":83,"column":2},"end":{"line":83,"column":45}},"46":{"start":{"line":84,"column":2},"end":{"line":84,"column":53}},"47":{"start":{"line":85,"column":2},"end":{"line":85,"column":67}},"48":{"start":{"line":88,"column":0},"end":{"line":88,"column":14}},"49":{"start":{"line":90,"column":0},"end":{"line":90,"column":25}},"50":{"start":{"line":90,"column":18},"end":{"line":90,"column":24}},"51":{"start":{"line":91,"column":0},"end":{"line":98,"column":1}}},"branchMap":{"1":{"line":4,"type":"binary-expr","locations":[{"start":{"line":4,"column":21},"end":{"line":4,"column":34}},{"start":{"line":4,"column":38},"end":{"line":4,"column":50}}]},"2":{"line":36,"type":"if","locations":[{"start":{"line":36,"column":4},"end":{"line":36,"column":4}},{"start":{"line":36,"column":4},"end":{"line":36,"column":4}}]},"3":{"line":44,"type":"if","locations":[{"start":{"line":44,"column":6},"end":{"line":44,"column":6}},{"start":{"line":44,"column":6},"end":{"line":44,"column":6}}]},"4":{"line":48,"type":"if","locations":[{"start":{"line":48,"column":4},"end":{"line":48,"column":4}},{"start":{"line":48,"column":4},"end":{"line":48,"column":4}}]},"5":{"line":57,"type":"if","locations":[{"start":{"line":57,"column":6},"end":{"line":57,"column":6}},{"start":{"line":57,"column":6},"end":{"line":57,"column":6}}]}}}}