TN:
SF:/Users/fab/workspace/test/jessewarden/basic-unit-testing-2/index.js
FN:7,(anonymous_1)
FN:18,(anonymous_2)
FN:26,(anonymous_3)
FN:34,(anonymous_4)
FN:41,(anonymous_5)
FN:53,(anonymous_6)
FN:65,(anonymous_7)
FN:72,(anonymous_8)
FN:82,setupPerson
FNF:9
FNH:7
FNDA:13,(anonymous_1)
FNDA:501,(anonymous_2)
FNDA:0,(anonymous_3)
FNDA:2,(anonymous_4)
FNDA:0,(anonymous_5)
FNDA:14,(anonymous_6)
FNDA:14,(anonymous_7)
FNDA:14,(anonymous_8)
FNDA:1,setupPerson
DA:1,1
DA:3,3
DA:4,3
DA:8,13
DA:9,13
DA:10,13
DA:11,13
DA:12,13
DA:13,13
DA:14,13
DA:15,13
DA:19,501
DA:20,501
DA:21,501
DA:23,501
DA:27,0
DA:28,0
DA:29,0
DA:30,0
DA:31,0
DA:35,2
DA:36,2
DA:37,1
DA:42,0
DA:43,0
DA:44,0
DA:45,0
DA:48,0
DA:49,0
DA:54,14
DA:55,14
DA:56,29
DA:57,29
DA:58,15
DA:66,14
DA:67,14
DA:73,14
DA:74,14
DA:75,14
DA:76,14
DA:80,1
DA:82,1
DA:83,1
DA:84,1
DA:85,1
DA:88,1
DA:90,2
DA:91,1
LF:48
LH:37
BRDA:4,1,0,3
BRDA:4,1,1,2
BRDA:36,2,0,1
BRDA:36,2,1,1
BRDA:44,3,0,0
BRDA:44,3,1,0
BRDA:48,4,0,0
BRDA:48,4,1,0
BRDA:57,5,0,15
BRDA:57,5,1,14
BRF:10
BRH:6
end_of_record
